Arguments: 
  /Users/rico/.nvm/versions/node/v8.0.0/bin/node /usr/local/Cellar/yarn/1.3.2/libexec/bin/yarn.js add sqlite3

PATH: 
  /Users/rico/.pyenv/plugins/pyenv-virtualenv/shims:/Users/rico/.pyenv/shims:/Users/rico/.pyenv/bin:/Users/rico/.nvm/versions/node/v8.0.0/bin:/Library/Frameworks/Python.framework/Versions/3.6/bin:/usr/local/bin:/usr/bin:/bin:/usr/sbin:/sbin:/usr/local/python3.6/bin/:/usr/local/mysql/bin

Yarn version: 
  1.3.2

Node version: 
  8.0.0

Platform: 
  darwin x64

npm manifest: 
  {
    "name": "express-example",
    "version": "0.0.0",
    "private": true,
    "scripts": {
      "start": "nodemon ./bin/www"
    },
    "dependencies": {
      "body-parser": "~1.18.2",
      "cookie-parser": "~1.4.3",
      "debug": "~2.6.9",
      "express": "~4.15.5",
      "express-http-proxy": "^1.1.0",
      "jade": "~1.11.0",
      "morgan": "~1.9.0",
      "mysql": "^2.15.0",
      "sequelize": "^4.37.6",
      "serve-favicon": "~2.4.5",
      "wechat": "^2.1.0"
    },
    "devDependencies": {}
  }

yarn manifest: 
  No manifest

Lockfile: 
  No lockfile

Trace: 
  Error: ENOENT: no such file or directory, open '/Users/rico/Desktop/Rico/dieToStudy/node/express_example/node-mysq-tem/node_modules/transformers/node_modules/is-promise/.npmignore'
